<?xml version="1.0" encoding="UTF-8"?>
<!-- Generated by org.testng.reporters.JUnitXMLReporter -->
<testsuite hostname="KirthiPC" name="Default test" tests="3" failures="0" timestamp="19 Mar 2015 18:56:42 GMT" time="2.037" errors="0">
  <testcase name="test1" time="0.271" classname="com.framework.datadriven.suiteA.Test1"/>
  <testcase name="test1" time="0.135" classname="com.framework.datadriven.suiteA.Test1"/>
  <testcase name="test1" time="0.149" classname="com.framework.datadriven.suiteA.Test1"/>
</testsuite> <!-- Default test -->
