<?xml version="1.0" encoding="UTF-8"?>
<testsuite name="TestSuite" time="0.026" tests="3" errors="0" skipped="0" failures="3">
  <properties>
[...]
</properties>
  <testcase name="test1" classname="com.framework.datadriven.suiteA.Test1" time="0.026">
    <failure type="java.lang.NullPointerException:">java.lang.NullPointerException: null
	at com.framework.datadriven.TestBase.validateRunModes(TestBase.java:37)
	at com.framework.datadriven.suiteA.Test1.test1(Test1.java:25)
</failure>
    <system-out><![CDATA[17
Test starts from 1
Test Rows 3
Test Cols 4
]]></system-out>
  </testcase>
  <testcase name="test1" classname="com.framework.datadriven.suiteA.Test1" time="0">
    <failure type="java.lang.NullPointerException:">java.lang.NullPointerException: null
	at com.framework.datadriven.TestBase.validateRunModes(TestBase.java:37)
	at com.framework.datadriven.suiteA.Test1.test1(Test1.java:25)
</failure>
  </testcase>
  <testcase name="test1" classname="com.framework.datadriven.suiteA.Test1" time="0">
    <failure type="java.lang.NullPointerException:">java.lang.NullPointerException: null
	at com.framework.datadriven.TestBase.validateRunModes(TestBase.java:37)
	at com.framework.datadriven.suiteA.Test1.test1(Test1.java:25)
</failure>
  </testcase>
</testsuite>