<?xml version="1.0" encoding="UTF-8"?>
<!-- Generated by org.testng.reporters.JUnitXMLReporter -->
<testsuite hostname="KirthiPC" name="Test 1" tests="3" failures="3" timestamp="24 Mar 2015 16:01:07 GMT" time="1.421" errors="0">
  <testcase name="test1" time="0.018" classname="com.framework.datadriven.suiteA.Test1">
    <failure type="java.lang.NullPointerException">
      <![CDATA[java.lang.NullPointerException
	at com.framework.datadriven.TestBase.validateRunModes(TestBase.java:37)
	at com.framework.datadriven.suiteA.Test1.test1(Test1.java:25)
... Removed 28 stack frames]]>
    </failure>
  </testcase> <!-- test1 -->
  <testcase name="test1" time="0.001" classname="com.framework.datadriven.suiteA.Test1">
    <failure type="java.lang.NullPointerException">
      <![CDATA[java.lang.NullPointerException
	at com.framework.datadriven.TestBase.validateRunModes(TestBase.java:37)
	at com.framework.datadriven.suiteA.Test1.test1(Test1.java:25)
... Removed 28 stack frames]]>
    </failure>
  </testcase> <!-- test1 -->
  <testcase name="test1" time="0.001" classname="com.framework.datadriven.suiteA.Test1">
    <failure type="java.lang.NullPointerException">
      <![CDATA[java.lang.NullPointerException
	at com.framework.datadriven.TestBase.validateRunModes(TestBase.java:37)
	at com.framework.datadriven.suiteA.Test1.test1(Test1.java:25)
... Removed 28 stack frames]]>
    </failure>
  </testcase> <!-- test1 -->
</testsuite> <!-- Test 1 -->
